<?xml version="1.0" encoding="UTF-8"?>
<testsuite xmlns:xsi="http://www.w3.org/2001/XMLSchema-instance" xsi:noNamespaceSchemaLocation="https://maven.apache.org/surefire/maven-surefire-plugin/xsd/surefire-test-report.xsd" name="nagarro.nagarroproject.web.StatementControllerTest" time="0.028" tests="2" errors="0" skipped="0" failures="2">
  <properties>
[...]
</properties>
  <testcase name="testLogin" classname="nagarro.nagarroproject.web.StatementControllerTest" time="0.027">
    <failure message="Not yet implemented" type="org.opentest4j.AssertionFailedError">org.opentest4j.AssertionFailedError: Not yet implemented
	at nagarro.nagarroproject.web.StatementControllerTest.testLogin(StatementControllerTest.java:11)
</failure>
  </testcase>
  <testcase name="testMain" classname="nagarro.nagarroproject.web.StatementControllerTest" time="0.001">
    <failure message="Not yet implemented" type="org.opentest4j.AssertionFailedError">org.opentest4j.AssertionFailedError: Not yet implemented
	at nagarro.nagarroproject.web.StatementControllerTest.testMain(StatementControllerTest.java:17)
</failure>
  </testcase>
</testsuite>